old  14: AND ydate &gt; '&amp;1'
<br>
new  14: AND ydate &gt; '2011-03-27'
<br>
old  15: AND ydate - 7 &lt; '&amp;1'
<br>
new  15: AND ydate - 7 &lt; '2011-03-27'
<br>
<p>
<table class='table_fx_past_week'>
<tr>
<th scope="col">
Currency
<br>
Pair
</th>
<th scope="col">
Avg
<br>
DanBot
<br>
Score
</th>
<th scope="col">
Sharpe
<br>
Ratio
</th>
<th scope="col">
Avg of
<br>
5hr
<br>
gains
</th>
<th scope="col">
Count of
<br>
positions
</th>
<th scope="col">
Sum of
<br>
5hr
<br>
gains
</th>
<th scope="col">
Min of
<br>
of
<br>
5hr
<br>
gains
</th>
<th scope="col">
Max of
<br>
5hr
<br>
gains
</th>
<th scope="col">
StdDeviation
<br>
of
<br>
5hr
<br>
gains
</th>
</tr>
<tr>
<td>
aud_usd
</td>
<td align="right">
 -.63
</td>
<td align="right">
    -.04
</td>
<td align="right">
  -.0001
</td>
<td align="right">
    9
</td>
<td align="right">
  -.0010
</td>
<td align="right">
  -.0043
</td>
<td align="right">
   .0029
</td>
<td align="right">
   .0027
</td>
</tr>
<tr>
<td>
eur_aud
</td>
<td align="right">
 -.68
</td>
<td align="right">
    -.34
</td>
<td align="right">
  -.0008
</td>
<td align="right">
   10
</td>
<td align="right">
  -.0082
</td>
<td align="right">
  -.0032
</td>
<td align="right">
   .0031
</td>
<td align="right">
   .0024
</td>
</tr>
<tr>
<td>
eur_chf
</td>
<td align="right">
 -.67
</td>
<td align="right">
    -.17
</td>
<td align="right">
  -.0002
</td>
<td align="right">
   30
</td>
<td align="right">
  -.0067
</td>
<td align="right">
  -.0028
</td>
<td align="right">
   .0014
</td>
<td align="right">
   .0013
</td>
</tr>
<tr>
<td>
eur_gbp
</td>
<td align="right">
 -.64
</td>
<td align="right">
    -.21
</td>
<td align="right">
  -.0003
</td>
<td align="right">
   17
</td>
<td align="right">
  -.0056
</td>
<td align="right">
  -.0025
</td>
<td align="right">
   .0023
</td>
<td align="right">
   .0016
</td>
</tr>
<tr>
<td>
eur_jpy
</td>
<td align="right">
 -.61
</td>
<td align="right">
    -.34
</td>
<td align="right">
  -.0005
</td>
<td align="right">
   16
</td>
<td align="right">
  -.0075
</td>
<td align="right">
  -.0025
</td>
<td align="right">
   .0023
</td>
<td align="right">
   .0014
</td>
</tr>
<tr>
<td>
eur_usd
</td>
<td align="right">
 -.61
</td>
<td align="right">
    -.44
</td>
<td align="right">
  -.0009
</td>
<td align="right">
    9
</td>
<td align="right">
  -.0078
</td>
<td align="right">
  -.0044
</td>
<td align="right">
   .0014
</td>
<td align="right">
   .0020
</td>
</tr>
<tr>
<td>
gbp_usd
</td>
<td align="right">
 -.65
</td>
<td align="right">
    -.38
</td>
<td align="right">
  -.0005
</td>
<td align="right">
   39
</td>
<td align="right">
  -.0201
</td>
<td align="right">
  -.0025
</td>
<td align="right">
   .0025
</td>
<td align="right">
   .0014
</td>
</tr>
<tr>
<td>
usd_cad
</td>
<td align="right">
 -.63
</td>
<td align="right">
   -2.10
</td>
<td align="right">
  -.0015
</td>
<td align="right">
   12
</td>
<td align="right">
  -.0179
</td>
<td align="right">
  -.0023
</td>
<td align="right">
   .0002
</td>
<td align="right">
   .0007
</td>
</tr>
<tr>
<td>
&nbsp;
</td>
<td align="right">
&nbsp;
</td>
<td align="right">
&nbsp;
</td>
<td align="right">
&nbsp;
</td>
<td align="right">
---------
</td>
<td align="right">
--------
</td>
<td align="right">
&nbsp;
</td>
<td align="right">
&nbsp;
</td>
<td align="right">
&nbsp;
</td>
</tr>
<tr>
<td>
Sum:
</td>
<td align="right">
&nbsp;
</td>
<td align="right">
&nbsp;
</td>
<td align="right">
&nbsp;
</td>
<td align="right">
  142
</td>
<td align="right">
  -.0748
</td>
<td align="right">
&nbsp;
</td>
<td align="right">
&nbsp;
</td>
<td align="right">
&nbsp;
</td>
</tr>
</table>
<p>

8 rows selected.<br>
<br>


old  14: AND ydate &gt; '&amp;1'
<br>
new  14: AND ydate &gt; '2011-03-27'
<br>
old  15: AND ydate - 7 &lt; '&amp;1'
<br>
new  15: AND ydate - 7 &lt; '2011-03-27'
<br>
<p>
<table class='table_fx_past_week'>
<tr>
<th scope="col">
Currency
<br>
Pair
</th>
<th scope="col">
Avg
<br>
DanBot
<br>
Score
</th>
<th scope="col">
Sharpe
<br>
Ratio
</th>
<th scope="col">
Avg of
<br>
5hr
<br>
gains
</th>
<th scope="col">
Count of
<br>
positions
</th>
<th scope="col">
Sum of
<br>
5hr
<br>
gains
</th>
<th scope="col">
Min of
<br>
of
<br>
5hr
<br>
gains
</th>
<th scope="col">
Max of
<br>
5hr
<br>
gains
</th>
<th scope="col">
StdDeviation
<br>
of
<br>
5hr
<br>
gains
</th>
</tr>
<tr>
<td>
aud_jpy
</td>
<td align="right">
  .65
</td>
<td align="right">
    1.08
</td>
<td align="right">
   .0039
</td>
<td align="right">
   48
</td>
<td align="right">
   .1864
</td>
<td align="right">
  -.0026
</td>
<td align="right">
   .0103
</td>
<td align="right">
   .0036
</td>
</tr>
<tr>
<td>
aud_usd
</td>
<td align="right">
  .70
</td>
<td align="right">
     .42
</td>
<td align="right">
   .0007
</td>
<td align="right">
  100
</td>
<td align="right">
   .0711
</td>
<td align="right">
  -.0042
</td>
<td align="right">
   .0042
</td>
<td align="right">
   .0017
</td>
</tr>
<tr>
<td>
eur_chf
</td>
<td align="right">
  .63
</td>
<td align="right">
    1.01
</td>
<td align="right">
   .0017
</td>
<td align="right">
   17
</td>
<td align="right">
   .0289
</td>
<td align="right">
  -.0004
</td>
<td align="right">
   .0042
</td>
<td align="right">
   .0017
</td>
</tr>
<tr>
<td>
eur_gbp
</td>
<td align="right">
  .61
</td>
<td align="right">
     .73
</td>
<td align="right">
   .0009
</td>
<td align="right">
   20
</td>
<td align="right">
   .0181
</td>
<td align="right">
  -.0012
</td>
<td align="right">
   .0030
</td>
<td align="right">
   .0013
</td>
</tr>
<tr>
<td>
eur_jpy
</td>
<td align="right">
  .67
</td>
<td align="right">
    1.13
</td>
<td align="right">
   .0019
</td>
<td align="right">
   26
</td>
<td align="right">
   .0489
</td>
<td align="right">
  -.0016
</td>
<td align="right">
   .0051
</td>
<td align="right">
   .0017
</td>
</tr>
<tr>
<td>
eur_usd
</td>
<td align="right">
  .65
</td>
<td align="right">
    -.20
</td>
<td align="right">
  -.0002
</td>
<td align="right">
   23
</td>
<td align="right">
  -.0052
</td>
<td align="right">
  -.0024
</td>
<td align="right">
   .0019
</td>
<td align="right">
   .0011
</td>
</tr>
<tr>
<td>
gbp_usd
</td>
<td align="right">
  .63
</td>
<td align="right">
     .75
</td>
<td align="right">
   .0020
</td>
<td align="right">
   32
</td>
<td align="right">
   .0649
</td>
<td align="right">
  -.0054
</td>
<td align="right">
   .0051
</td>
<td align="right">
   .0027
</td>
</tr>
<tr>
<td>
usd_cad
</td>
<td align="right">
  .60
</td>
<td align="right">
   -1.29
</td>
<td align="right">
  -.0012
</td>
<td align="right">
    4
</td>
<td align="right">
  -.0049
</td>
<td align="right">
  -.0020
</td>
<td align="right">
   .0001
</td>
<td align="right">
   .0009
</td>
</tr>
<tr>
<td>
usd_chf
</td>
<td align="right">
  .64
</td>
<td align="right">
    -.96
</td>
<td align="right">
  -.0005
</td>
<td align="right">
    9
</td>
<td align="right">
  -.0041
</td>
<td align="right">
  -.0016
</td>
<td align="right">
   .0001
</td>
<td align="right">
   .0005
</td>
</tr>
<tr>
<td>
usd_jpy
</td>
<td align="right">
  .63
</td>
<td align="right">
    1.35
</td>
<td align="right">
   .0036
</td>
<td align="right">
    6
</td>
<td align="right">
   .0213
</td>
<td align="right">
  -.0012
</td>
<td align="right">
   .0068
</td>
<td align="right">
   .0026
</td>
</tr>
<tr>
<td>
&nbsp;
</td>
<td align="right">
&nbsp;
</td>
<td align="right">
&nbsp;
</td>
<td align="right">
&nbsp;
</td>
<td align="right">
---------
</td>
<td align="right">
--------
</td>
<td align="right">
&nbsp;
</td>
<td align="right">
&nbsp;
</td>
<td align="right">
&nbsp;
</td>
</tr>
<tr>
<td>
Sum:
</td>
<td align="right">
&nbsp;
</td>
<td align="right">
&nbsp;
</td>
<td align="right">
&nbsp;
</td>
<td align="right">
  285
</td>
<td align="right">
   .4254
</td>
<td align="right">
&nbsp;
</td>
<td align="right">
&nbsp;
</td>
<td align="right">
&nbsp;
</td>
</tr>
</table>
<p>

10 rows selected.<br>
<br>


