old  12: AND ydate &gt; '&amp;1'
<br>
new  12: AND ydate &gt; '2011-03-06'
<br>
old  13: AND ydate - 7 &lt; '&amp;1'
<br>
new  13: AND ydate - 7 &lt; '2011-03-06'
<br>
<p>
<table class='table_fx_past_week'>
<tr>
<th scope="col">
PAIR
</th>
<th scope="col">
SUM_G4
</th>
<th scope="col">
AVG_G4
</th>
<th scope="col">
SHARPE_RATIO
</th>
<th scope="col">
MIN_G4
</th>
<th scope="col">
MAX_G4
</th>
<th scope="col">
POSITION_COUNT
</th>
</tr>
<tr>
<td>
aud_usd
</td>
<td align="right">
   .0793
</td>
<td align="right">
   .0021
</td>
<td align="right">
 1.20
</td>
<td align="right">
  -.0016
</td>
<td align="right">
   .0055
</td>
<td align="right">
        37
</td>
</tr>
<tr>
<td>
eur_usd
</td>
<td align="right">
  -.0010
</td>
<td align="right">
  -.0002
</td>
<td align="right">
 -.19
</td>
<td align="right">
  -.0020
</td>
<td align="right">
   .0007
</td>
<td align="right">
         4
</td>
</tr>
<tr>
<td>
usd_cad
</td>
<td align="right">
   .0001
</td>
<td align="right">
   .0000
</td>
<td align="right">
  .01
</td>
<td align="right">
  -.0026
</td>
<td align="right">
   .0016
</td>
<td align="right">
        21
</td>
</tr>
</table>
<p>

old  12: AND ydate &gt; '&amp;1'
<br>
new  12: AND ydate &gt; '2011-03-06'
<br>
old  13: AND ydate - 7 &lt; '&amp;1'
<br>
new  13: AND ydate - 7 &lt; '2011-03-06'
<br>
<p>
<table class='table_fx_past_week'>
<tr>
<th scope="col">
PAIR
</th>
<th scope="col">
SUM_G4
</th>
<th scope="col">
AVG_G4
</th>
<th scope="col">
SHARPE_RATIO
</th>
<th scope="col">
MIN_G4
</th>
<th scope="col">
MAX_G4
</th>
<th scope="col">
POSITION_COUNT
</th>
</tr>
<tr>
<td>
aud_usd
</td>
<td align="right">
   .0450
</td>
<td align="right">
   .0030
</td>
<td align="right">
  .50
</td>
<td align="right">
  -.0051
</td>
<td align="right">
   .0104
</td>
<td align="right">
        15
</td>
</tr>
<tr>
<td>
eur_usd
</td>
<td align="right">
  -.0101
</td>
<td align="right">
  -.0017
</td>
<td align="right">
 -.92
</td>
<td align="right">
  -.0040
</td>
<td align="right">
   .0003
</td>
<td align="right">
         6
</td>
</tr>
<tr>
<td>
usd_cad
</td>
<td align="right">
  -.0305
</td>
<td align="right">
  -.0005
</td>
<td align="right">
 -.32
</td>
<td align="right">
  -.0055
</td>
<td align="right">
   .0028
</td>
<td align="right">
        57
</td>
</tr>
</table>
<p>

