old  12: AND ydate &gt; '&amp;1'
<br>
new  12: AND ydate &gt; '2011-03-13'
<br>
old  13: AND ydate - 7 &lt; '&amp;1'
<br>
new  13: AND ydate - 7 &lt; '2011-03-13'
<br>
<p>
<table class='table_fx_past_week'>
<tr>
<th scope="col">
PAIR
</th>
<th scope="col">
SUM_G4
</th>
<th scope="col">
AVG_G4
</th>
<th scope="col">
SHARPE_RATIO
</th>
<th scope="col">
MIN_G4
</th>
<th scope="col">
MAX_G4
</th>
<th scope="col">
POSITION_COUNT
</th>
</tr>
<tr>
<td>
aud_jpy
</td>
<td align="right">
   .0205
</td>
<td align="right">
   .0011
</td>
<td align="right">
  .33
</td>
<td align="right">
  -.0072
</td>
<td align="right">
   .0049
</td>
<td align="right">
        19
</td>
</tr>
<tr>
<td>
aud_usd
</td>
<td align="right">
   .3412
</td>
<td align="right">
   .0067
</td>
<td align="right">
 1.23
</td>
<td align="right">
  -.0031
</td>
<td align="right">
   .0156
</td>
<td align="right">
        51
</td>
</tr>
<tr>
<td>
eur_chf
</td>
<td align="right">
   .0550
</td>
<td align="right">
   .0055
</td>
<td align="right">
  .80
</td>
<td align="right">
  -.0088
</td>
<td align="right">
   .0136
</td>
<td align="right">
        10
</td>
</tr>
<tr>
<td>
eur_gbp
</td>
<td align="right">
   .0178
</td>
<td align="right">
   .0013
</td>
<td align="right">
  .40
</td>
<td align="right">
  -.0017
</td>
<td align="right">
   .0063
</td>
<td align="right">
        14
</td>
</tr>
<tr>
<td>
eur_jpy
</td>
<td align="right">
   .0149
</td>
<td align="right">
   .0008
</td>
<td align="right">
  .45
</td>
<td align="right">
  -.0039
</td>
<td align="right">
   .0038
</td>
<td align="right">
        18
</td>
</tr>
<tr>
<td>
eur_usd
</td>
<td align="right">
  -.0158
</td>
<td align="right">
  -.0011
</td>
<td align="right">
 -.75
</td>
<td align="right">
  -.0037
</td>
<td align="right">
   .0012
</td>
<td align="right">
        15
</td>
</tr>
<tr>
<td>
gbp_usd
</td>
<td align="right">
   .0140
</td>
<td align="right">
   .0016
</td>
<td align="right">
  .69
</td>
<td align="right">
  -.0016
</td>
<td align="right">
   .0051
</td>
<td align="right">
         9
</td>
</tr>
<tr>
<td>
usd_cad
</td>
<td align="right">
   .0562
</td>
<td align="right">
   .0047
</td>
<td align="right">
 1.03
</td>
<td align="right">
  -.0027
</td>
<td align="right">
   .0108
</td>
<td align="right">
        12
</td>
</tr>
</table>
<p>

8 rows selected.<br>
<br>


old  12: AND ydate &gt; '&amp;1'
<br>
new  12: AND ydate &gt; '2011-03-13'
<br>
old  13: AND ydate - 7 &lt; '&amp;1'
<br>
new  13: AND ydate - 7 &lt; '2011-03-13'
<br>
<p>
<table class='table_fx_past_week'>
<tr>
<th scope="col">
PAIR
</th>
<th scope="col">
SUM_G4
</th>
<th scope="col">
AVG_G4
</th>
<th scope="col">
SHARPE_RATIO
</th>
<th scope="col">
MIN_G4
</th>
<th scope="col">
MAX_G4
</th>
<th scope="col">
POSITION_COUNT
</th>
</tr>
<tr>
<td>
aud_jpy
</td>
<td align="right">
  -.0100
</td>
<td align="right">
  -.0033
</td>
<td align="right">
 -.72
</td>
<td align="right">
  -.0085
</td>
<td align="right">
   .0004
</td>
<td align="right">
         3
</td>
</tr>
<tr>
<td>
aud_usd
</td>
<td align="right">
  -.1077
</td>
<td align="right">
  -.0027
</td>
<td align="right">
 -.50
</td>
<td align="right">
  -.0121
</td>
<td align="right">
   .0030
</td>
<td align="right">
        40
</td>
</tr>
<tr>
<td>
eur_aud
</td>
<td align="right">
   .0084
</td>
<td align="right">
   .0008
</td>
<td align="right">
  .29
</td>
<td align="right">
  -.0033
</td>
<td align="right">
   .0038
</td>
<td align="right">
        11
</td>
</tr>
<tr>
<td>
eur_chf
</td>
<td align="right">
  -.0749
</td>
<td align="right">
  -.0029
</td>
<td align="right">
 -.85
</td>
<td align="right">
  -.0091
</td>
<td align="right">
   .0039
</td>
<td align="right">
        26
</td>
</tr>
<tr>
<td>
eur_gbp
</td>
<td align="right">
   .0005
</td>
<td align="right">
   .0002
</td>
<td align="right">
  .07
</td>
<td align="right">
  -.0022
</td>
<td align="right">
   .0026
</td>
<td align="right">
         2
</td>
</tr>
<tr>
<td>
eur_jpy
</td>
<td align="right">
   .0027
</td>
<td align="right">
   .0003
</td>
<td align="right">
  .13
</td>
<td align="right">
  -.0057
</td>
<td align="right">
   .0016
</td>
<td align="right">
         9
</td>
</tr>
<tr>
<td>
gbp_usd
</td>
<td align="right">
  -.0039
</td>
<td align="right">
  -.0006
</td>
<td align="right">
 -.76
</td>
<td align="right">
  -.0016
</td>
<td align="right">
   .0004
</td>
<td align="right">
         7
</td>
</tr>
<tr>
<td>
usd_cad
</td>
<td align="right">
  -.0515
</td>
<td align="right">
  -.0016
</td>
<td align="right">
 -.79
</td>
<td align="right">
  -.0044
</td>
<td align="right">
   .0073
</td>
<td align="right">
        33
</td>
</tr>
<tr>
<td>
usd_chf
</td>
<td align="right">
  -.0615
</td>
<td align="right">
  -.0036
</td>
<td align="right">
-1.47
</td>
<td align="right">
  -.0066
</td>
<td align="right">
   .0039
</td>
<td align="right">
        17
</td>
</tr>
<tr>
<td>
usd_jpy
</td>
<td align="right">
  -.2255
</td>
<td align="right">
  -.0018
</td>
<td align="right">
 -.46
</td>
<td align="right">
  -.0205
</td>
<td align="right">
   .0063
</td>
<td align="right">
       123
</td>
</tr>
</table>
<p>

10 rows selected.<br>
<br>


