old  13: AND ydate &gt; '&amp;1'
<br>
new  13: AND ydate &gt; '2011-04-10'
<br>
old  14: AND ydate - 7 &lt; '&amp;1'
<br>
new  14: AND ydate - 7 &lt; '2011-04-10'
<br>
<p>
<table class='table_fx_past_week'>
<tr>
<th scope="col">
PAIR
</th>
<th scope="col">
AVG_SCORE
</th>
<th scope="col">
SHARPE_RATIO
</th>
<th scope="col">
AVG_G5
</th>
<th scope="col">
POSITION_COUNT
</th>
<th scope="col">
SUM_G5
</th>
<th scope="col">
MIN_G5
</th>
<th scope="col">
MAX_G5
</th>
</tr>
<tr>
<td>
aud_jpy
</td>
<td align="right">
 -.70
</td>
<td align="right">
   -1.58
</td>
<td align="right">
  -.0013
</td>
<td align="right">
         6
</td>
<td align="right">
  -.0079
</td>
<td align="right">
  -.0027
</td>
<td align="right">
  -.0006
</td>
</tr>
<tr>
<td>
aud_usd
</td>
<td align="right">
 -.67
</td>
<td align="right">
    -.30
</td>
<td align="right">
  -.0003
</td>
<td align="right">
        39
</td>
<td align="right">
  -.0129
</td>
<td align="right">
  -.0022
</td>
<td align="right">
   .0033
</td>
</tr>
<tr>
<td>
eur_aud
</td>
<td align="right">
 -.63
</td>
<td align="right">
    -.73
</td>
<td align="right">
  -.0004
</td>
<td align="right">
         3
</td>
<td align="right">
  -.0013
</td>
<td align="right">
  -.0009
</td>
<td align="right">
   .0002
</td>
</tr>
<tr>
<td>
eur_chf
</td>
<td align="right">
 -.62
</td>
<td align="right">
    -.57
</td>
<td align="right">
  -.0010
</td>
<td align="right">
        24
</td>
<td align="right">
  -.0247
</td>
<td align="right">
  -.0056
</td>
<td align="right">
   .0020
</td>
</tr>
<tr>
<td>
eur_gbp
</td>
<td align="right">
 -.60
</td>
<td align="right">
     .10
</td>
<td align="right">
   .0002
</td>
<td align="right">
         6
</td>
<td align="right">
   .0011
</td>
<td align="right">
  -.0024
</td>
<td align="right">
   .0023
</td>
</tr>
<tr>
<td>
eur_jpy
</td>
<td align="right">
 -.59
</td>
<td align="right">
    -.24
</td>
<td align="right">
  -.0013
</td>
<td align="right">
         2
</td>
<td align="right">
  -.0025
</td>
<td align="right">
  -.0049
</td>
<td align="right">
   .0024
</td>
</tr>
<tr>
<td>
gbp_usd
</td>
<td align="right">
 -.66
</td>
<td align="right">
   -1.17
</td>
<td align="right">
  -.0006
</td>
<td align="right">
         6
</td>
<td align="right">
  -.0033
</td>
<td align="right">
  -.0013
</td>
<td align="right">
   .0001
</td>
</tr>
<tr>
<td>
usd_cad
</td>
<td align="right">
 -.64
</td>
<td align="right">
    -.15
</td>
<td align="right">
  -.0002
</td>
<td align="right">
        20
</td>
<td align="right">
  -.0046
</td>
<td align="right">
  -.0039
</td>
<td align="right">
   .0021
</td>
</tr>
<tr>
<td>
usd_chf
</td>
<td align="right">
 -.63
</td>
<td align="right">
    -.56
</td>
<td align="right">
  -.0008
</td>
<td align="right">
        66
</td>
<td align="right">
  -.0504
</td>
<td align="right">
  -.0040
</td>
<td align="right">
   .0017
</td>
</tr>
<tr>
<td>
usd_jpy
</td>
<td align="right">
 -.60
</td>
<td align="right">
    6.23
</td>
<td align="right">
   .0020
</td>
<td align="right">
         4
</td>
<td align="right">
   .0079
</td>
<td align="right">
   .0016
</td>
<td align="right">
   .0023
</td>
</tr>
<tr>
<td>
&nbsp;
</td>
<td align="right">
&nbsp;
</td>
<td align="right">
&nbsp;
</td>
<td align="right">
&nbsp;
</td>
<td align="right">
--------------
</td>
<td align="right">
--------
</td>
<td align="right">
&nbsp;
</td>
<td align="right">
&nbsp;
</td>
</tr>
<tr>
<td>
All Pairs Sum:
</td>
<td align="right">
&nbsp;
</td>
<td align="right">
&nbsp;
</td>
<td align="right">
&nbsp;
</td>
<td align="right">
       176
</td>
<td align="right">
  -.0986
</td>
<td align="right">
&nbsp;
</td>
<td align="right">
&nbsp;
</td>
</tr>
</table>
<p>

10 rows selected.<br>
<br>


old  13: AND ydate &gt; '&amp;1'
<br>
new  13: AND ydate &gt; '2011-04-10'
<br>
old  14: AND ydate - 7 &lt; '&amp;1'
<br>
new  14: AND ydate - 7 &lt; '2011-04-10'
<br>
<p>
<table class='table_fx_past_week'>
<tr>
<th scope="col">
PAIR
</th>
<th scope="col">
AVG_SCORE
</th>
<th scope="col">
SHARPE_RATIO
</th>
<th scope="col">
AVG_G5
</th>
<th scope="col">
POSITION_COUNT
</th>
<th scope="col">
SUM_G5
</th>
<th scope="col">
MIN_G5
</th>
<th scope="col">
MAX_G5
</th>
</tr>
<tr>
<td>
aud_jpy
</td>
<td align="right">
  .62
</td>
<td align="right">
    -.29
</td>
<td align="right">
  -.0011
</td>
<td align="right">
        45
</td>
<td align="right">
  -.0499
</td>
<td align="right">
  -.0095
</td>
<td align="right">
   .0079
</td>
</tr>
<tr>
<td>
aud_usd
</td>
<td align="right">
  .68
</td>
<td align="right">
    -.01
</td>
<td align="right">
   .0000
</td>
<td align="right">
        33
</td>
<td align="right">
  -.0008
</td>
<td align="right">
  -.0032
</td>
<td align="right">
   .0062
</td>
</tr>
<tr>
<td>
eur_aud
</td>
<td align="right">
  .58
</td>
<td align="right">
    -.63
</td>
<td align="right">
  -.0008
</td>
<td align="right">
        12
</td>
<td align="right">
  -.0093
</td>
<td align="right">
  -.0026
</td>
<td align="right">
   .0014
</td>
</tr>
<tr>
<td>
eur_chf
</td>
<td align="right">
  .64
</td>
<td align="right">
    -.38
</td>
<td align="right">
  -.0005
</td>
<td align="right">
        15
</td>
<td align="right">
  -.0068
</td>
<td align="right">
  -.0034
</td>
<td align="right">
   .0015
</td>
</tr>
<tr>
<td>
eur_gbp
</td>
<td align="right">
  .58
</td>
<td align="right">
   -1.23
</td>
<td align="right">
  -.0023
</td>
<td align="right">
         6
</td>
<td align="right">
  -.0137
</td>
<td align="right">
  -.0042
</td>
<td align="right">
   .0002
</td>
</tr>
<tr>
<td>
eur_jpy
</td>
<td align="right">
  .62
</td>
<td align="right">
     .19
</td>
<td align="right">
   .0008
</td>
<td align="right">
        30
</td>
<td align="right">
   .0238
</td>
<td align="right">
  -.0052
</td>
<td align="right">
   .0098
</td>
</tr>
<tr>
<td>
eur_usd
</td>
<td align="right">
  .64
</td>
<td align="right">
    -.60
</td>
<td align="right">
  -.0007
</td>
<td align="right">
        17
</td>
<td align="right">
  -.0123
</td>
<td align="right">
  -.0034
</td>
<td align="right">
   .0008
</td>
</tr>
<tr>
<td>
usd_cad
</td>
<td align="right">
  .60
</td>
<td align="right">
    3.17
</td>
<td align="right">
   .0041
</td>
<td align="right">
         8
</td>
<td align="right">
   .0327
</td>
<td align="right">
   .0027
</td>
<td align="right">
   .0063
</td>
</tr>
<tr>
<td>
usd_chf
</td>
<td align="right">
  .62
</td>
<td align="right">
     .84
</td>
<td align="right">
   .0009
</td>
<td align="right">
        10
</td>
<td align="right">
   .0086
</td>
<td align="right">
  -.0008
</td>
<td align="right">
   .0024
</td>
</tr>
<tr>
<td>
&nbsp;
</td>
<td align="right">
&nbsp;
</td>
<td align="right">
&nbsp;
</td>
<td align="right">
&nbsp;
</td>
<td align="right">
--------------
</td>
<td align="right">
--------
</td>
<td align="right">
&nbsp;
</td>
<td align="right">
&nbsp;
</td>
</tr>
<tr>
<td>
All Pairs Sum:
</td>
<td align="right">
&nbsp;
</td>
<td align="right">
&nbsp;
</td>
<td align="right">
&nbsp;
</td>
<td align="right">
       176
</td>
<td align="right">
  -.0277
</td>
<td align="right">
&nbsp;
</td>
<td align="right">
&nbsp;
</td>
</tr>
</table>
<p>

9 rows selected.<br>
<br>


