old  12: AND ydate &gt; '&amp;1'
<br>
new  12: AND ydate &gt; '2011-02-20'
<br>
old  13: AND ydate - 7 &lt; '&amp;1'
<br>
new  13: AND ydate - 7 &lt; '2011-02-20'
<br>
<p>
<table class='table_fx_past_week'>
<tr>
<th scope="col">
PAIR
</th>
<th scope="col">
SUM_G4
</th>
<th scope="col">
AVG_G4
</th>
<th scope="col">
SHARPE_RATIO
</th>
<th scope="col">
MIN_G4
</th>
<th scope="col">
MAX_G4
</th>
<th scope="col">
POSITION_COUNT
</th>
</tr>
<tr>
<td>
aud_jpy
</td>
<td align="right">
  -.0145
</td>
<td align="right">
  -.0007
</td>
<td align="right">
 -.20
</td>
<td align="right">
  -.0066
</td>
<td align="right">
   .0042
</td>
<td align="right">
        22
</td>
</tr>
<tr>
<td>
aud_usd
</td>
<td align="right">
   .0704
</td>
<td align="right">
   .0024
</td>
<td align="right">
 1.37
</td>
<td align="right">
  -.0035
</td>
<td align="right">
   .0052
</td>
<td align="right">
        29
</td>
</tr>
<tr>
<td>
eur_aud
</td>
<td align="right">
   .0306
</td>
<td align="right">
   .0024
</td>
<td align="right">
  .86
</td>
<td align="right">
  -.0004
</td>
<td align="right">
   .0066
</td>
<td align="right">
        13
</td>
</tr>
<tr>
<td>
eur_gbp
</td>
<td align="right">
   .0201
</td>
<td align="right">
   .0014
</td>
<td align="right">
  .79
</td>
<td align="right">
  -.0013
</td>
<td align="right">
   .0057
</td>
<td align="right">
        14
</td>
</tr>
<tr>
<td>
eur_jpy
</td>
<td align="right">
  -.0180
</td>
<td align="right">
  -.0003
</td>
<td align="right">
 -.22
</td>
<td align="right">
  -.0034
</td>
<td align="right">
   .0048
</td>
<td align="right">
        55
</td>
</tr>
<tr>
<td>
eur_usd
</td>
<td align="right">
   .0974
</td>
<td align="right">
   .0010
</td>
<td align="right">
  .59
</td>
<td align="right">
  -.0035
</td>
<td align="right">
   .0037
</td>
<td align="right">
       101
</td>
</tr>
<tr>
<td>
gbp_usd
</td>
<td align="right">
   .0034
</td>
<td align="right">
   .0002
</td>
<td align="right">
  .26
</td>
<td align="right">
  -.0013
</td>
<td align="right">
   .0018
</td>
<td align="right">
        17
</td>
</tr>
</table>
<p>

7 rows selected.<br>
<br>


old  12: AND ydate &gt; '&amp;1'
<br>
new  12: AND ydate &gt; '2011-02-20'
<br>
old  13: AND ydate - 7 &lt; '&amp;1'
<br>
new  13: AND ydate - 7 &lt; '2011-02-20'
<br>
<p>
<table class='table_fx_past_week'>
<tr>
<th scope="col">
PAIR
</th>
<th scope="col">
SUM_G4
</th>
<th scope="col">
AVG_G4
</th>
<th scope="col">
SHARPE_RATIO
</th>
<th scope="col">
MIN_G4
</th>
<th scope="col">
MAX_G4
</th>
<th scope="col">
POSITION_COUNT
</th>
</tr>
<tr>
<td>
aud_jpy
</td>
<td align="right">
  -.0049
</td>
<td align="right">
  -.0016
</td>
<td align="right">
 -.67
</td>
<td align="right">
  -.0032
</td>
<td align="right">
   .0012
</td>
<td align="right">
         3
</td>
</tr>
<tr>
<td>
aud_usd
</td>
<td align="right">
  -.0048
</td>
<td align="right">
  -.0005
</td>
<td align="right">
 -.24
</td>
<td align="right">
  -.0038
</td>
<td align="right">
   .0035
</td>
<td align="right">
         9
</td>
</tr>
<tr>
<td>
eur_jpy
</td>
<td align="right">
  -.0966
</td>
<td align="right">
  -.0027
</td>
<td align="right">
-1.14
</td>
<td align="right">
  -.0080
</td>
<td align="right">
   .0007
</td>
<td align="right">
        36
</td>
</tr>
<tr>
<td>
eur_usd
</td>
<td align="right">
  -.0122
</td>
<td align="right">
  -.0004
</td>
<td align="right">
 -.24
</td>
<td align="right">
  -.0072
</td>
<td align="right">
   .0035
</td>
<td align="right">
        29
</td>
</tr>
<tr>
<td>
usd_cad
</td>
<td align="right">
  -.0036
</td>
<td align="right">
  -.0012
</td>
<td align="right">
-2.58
</td>
<td align="right">
  -.0015
</td>
<td align="right">
  -.0007
</td>
<td align="right">
         3
</td>
</tr>
<tr>
<td>
usd_chf
</td>
<td align="right">
  -.0846
</td>
<td align="right">
  -.0013
</td>
<td align="right">
 -.62
</td>
<td align="right">
  -.0066
</td>
<td align="right">
   .0034
</td>
<td align="right">
        67
</td>
</tr>
<tr>
<td>
usd_jpy
</td>
<td align="right">
  -.1188
</td>
<td align="right">
  -.0014
</td>
<td align="right">
 -.84
</td>
<td align="right">
  -.0056
</td>
<td align="right">
   .0012
</td>
<td align="right">
        86
</td>
</tr>
</table>
<p>

7 rows selected.<br>
<br>


