old  12: AND ydate &gt; '&amp;1'
<br>
new  12: AND ydate &gt; '2011-03-20'
<br>
old  13: AND ydate - 7 &lt; '&amp;1'
<br>
new  13: AND ydate - 7 &lt; '2011-03-20'
<br>
<p>
<table class='table_fx_past_week'>
<tr>
<th scope="col">
PAIR
</th>
<th scope="col">
SUM_G4
</th>
<th scope="col">
AVG_G4
</th>
<th scope="col">
SHARPE_RATIO
</th>
<th scope="col">
MIN_G4
</th>
<th scope="col">
MAX_G4
</th>
<th scope="col">
POSITION_COUNT
</th>
</tr>
<tr>
<td>
aud_jpy
</td>
<td align="right">
   .0894
</td>
<td align="right">
   .0031
</td>
<td align="right">
 1.48
</td>
<td align="right">
  -.0027
</td>
<td align="right">
   .0078
</td>
<td align="right">
        29
</td>
</tr>
<tr>
<td>
aud_usd
</td>
<td align="right">
   .0568
</td>
<td align="right">
   .0025
</td>
<td align="right">
 1.76
</td>
<td align="right">
   .0005
</td>
<td align="right">
   .0054
</td>
<td align="right">
        23
</td>
</tr>
<tr>
<td>
eur_chf
</td>
<td align="right">
  -.0010
</td>
<td align="right">
  -.0002
</td>
<td align="right">
 -.23
</td>
<td align="right">
  -.0011
</td>
<td align="right">
   .0011
</td>
<td align="right">
         5
</td>
</tr>
<tr>
<td>
eur_gbp
</td>
<td align="right">
   .0007
</td>
<td align="right">
   .0002
</td>
<td align="right">
  .11
</td>
<td align="right">
  -.0021
</td>
<td align="right">
   .0011
</td>
<td align="right">
         4
</td>
</tr>
<tr>
<td>
eur_usd
</td>
<td align="right">
  -.0001
</td>
<td align="right">
   .0000
</td>
<td align="right">
 -.28
</td>
<td align="right">
  -.0001
</td>
<td align="right">
   .0001
</td>
<td align="right">
         2
</td>
</tr>
<tr>
<td>
gbp_usd
</td>
<td align="right">
   .0232
</td>
<td align="right">
   .0003
</td>
<td align="right">
  .31
</td>
<td align="right">
  -.0035
</td>
<td align="right">
   .0035
</td>
<td align="right">
        67
</td>
</tr>
<tr>
<td>
usd_jpy
</td>
<td align="right">
   .0124
</td>
<td align="right">
   .0007
</td>
<td align="right">
  .80
</td>
<td align="right">
  -.0008
</td>
<td align="right">
   .0027
</td>
<td align="right">
        18
</td>
</tr>
</table>
<p>

7 rows selected.<br>
<br>


old  12: AND ydate &gt; '&amp;1'
<br>
new  12: AND ydate &gt; '2011-03-20'
<br>
old  13: AND ydate - 7 &lt; '&amp;1'
<br>
new  13: AND ydate - 7 &lt; '2011-03-20'
<br>
<p>
<table class='table_fx_past_week'>
<tr>
<th scope="col">
PAIR
</th>
<th scope="col">
SUM_G4
</th>
<th scope="col">
AVG_G4
</th>
<th scope="col">
SHARPE_RATIO
</th>
<th scope="col">
MIN_G4
</th>
<th scope="col">
MAX_G4
</th>
<th scope="col">
POSITION_COUNT
</th>
</tr>
<tr>
<td>
aud_jpy
</td>
<td align="right">
   .0091
</td>
<td align="right">
   .0008
</td>
<td align="right">
  .74
</td>
<td align="right">
  -.0007
</td>
<td align="right">
   .0024
</td>
<td align="right">
        12
</td>
</tr>
<tr>
<td>
eur_aud
</td>
<td align="right">
  -.0245
</td>
<td align="right">
  -.0049
</td>
<td align="right">
-2.11
</td>
<td align="right">
  -.0066
</td>
<td align="right">
  -.0011
</td>
<td align="right">
         5
</td>
</tr>
<tr>
<td>
eur_chf
</td>
<td align="right">
  -.0095
</td>
<td align="right">
  -.0010
</td>
<td align="right">
 -.99
</td>
<td align="right">
  -.0029
</td>
<td align="right">
   .0002
</td>
<td align="right">
        10
</td>
</tr>
<tr>
<td>
eur_gbp
</td>
<td align="right">
  -.0196
</td>
<td align="right">
  -.0015
</td>
<td align="right">
-1.10
</td>
<td align="right">
  -.0043
</td>
<td align="right">
   .0000
</td>
<td align="right">
        13
</td>
</tr>
<tr>
<td>
eur_jpy
</td>
<td align="right">
  -.0871
</td>
<td align="right">
  -.0015
</td>
<td align="right">
 -.87
</td>
<td align="right">
  -.0045
</td>
<td align="right">
   .0028
</td>
<td align="right">
        60
</td>
</tr>
<tr>
<td>
usd_cad
</td>
<td align="right">
  -.0014
</td>
<td align="right">
  -.0003
</td>
<td align="right">
 -.57
</td>
<td align="right">
  -.0008
</td>
<td align="right">
   .0005
</td>
<td align="right">
         4
</td>
</tr>
<tr>
<td>
usd_chf
</td>
<td align="right">
   .0197
</td>
<td align="right">
   .0007
</td>
<td align="right">
  .65
</td>
<td align="right">
  -.0012
</td>
<td align="right">
   .0021
</td>
<td align="right">
        30
</td>
</tr>
<tr>
<td>
usd_jpy
</td>
<td align="right">
  -.0026
</td>
<td align="right">
  -.0013
</td>
<td align="right">
-1.41
</td>
<td align="right">
  -.0019
</td>
<td align="right">
  -.0006
</td>
<td align="right">
         2
</td>
</tr>
</table>
<p>

8 rows selected.<br>
<br>


