old  13: AND ydate &gt; '&amp;1'
<br>
new  13: AND ydate &gt; '2011-04-03'
<br>
old  14: AND ydate - 7 &lt; '&amp;1'
<br>
new  14: AND ydate - 7 &lt; '2011-04-03'
<br>
<p>
<table class='table_fx_past_week'>
<tr>
<th scope="col">
PAIR
</th>
<th scope="col">
AVG_SCORE
</th>
<th scope="col">
SHARPE_RATIO
</th>
<th scope="col">
AVG_G5
</th>
<th scope="col">
POSITION_COUNT
</th>
<th scope="col">
SUM_G5
</th>
<th scope="col">
MIN_G5
</th>
<th scope="col">
MAX_G5
</th>
</tr>
<tr>
<td>
aud_jpy
</td>
<td align="right">
  .65
</td>
<td align="right">
  .30
</td>
<td align="right">
   .0012
</td>
<td align="right">
       121
</td>
<td align="right">
   .1440
</td>
<td align="right">
  -.0085
</td>
<td align="right">
   .0087
</td>
</tr>
<tr>
<td>
aud_usd
</td>
<td align="right">
  .63
</td>
<td align="right">
 -.76
</td>
<td align="right">
  -.0010
</td>
<td align="right">
        26
</td>
<td align="right">
  -.0272
</td>
<td align="right">
  -.0029
</td>
<td align="right">
   .0037
</td>
</tr>
<tr>
<td>
eur_aud
</td>
<td align="right">
  .63
</td>
<td align="right">
  .26
</td>
<td align="right">
   .0005
</td>
<td align="right">
        17
</td>
<td align="right">
   .0089
</td>
<td align="right">
  -.0043
</td>
<td align="right">
   .0025
</td>
</tr>
<tr>
<td>
eur_chf
</td>
<td align="right">
  .64
</td>
<td align="right">
-2.29
</td>
<td align="right">
  -.0023
</td>
<td align="right">
        19
</td>
<td align="right">
  -.0445
</td>
<td align="right">
  -.0044
</td>
<td align="right">
  -.0005
</td>
</tr>
<tr>
<td>
eur_gbp
</td>
<td align="right">
  .61
</td>
<td align="right">
  .92
</td>
<td align="right">
   .0017
</td>
<td align="right">
        44
</td>
<td align="right">
   .0752
</td>
<td align="right">
  -.0080
</td>
<td align="right">
   .0034
</td>
</tr>
<tr>
<td>
eur_jpy
</td>
<td align="right">
  .66
</td>
<td align="right">
  .46
</td>
<td align="right">
   .0010
</td>
<td align="right">
        43
</td>
<td align="right">
   .0423
</td>
<td align="right">
  -.0039
</td>
<td align="right">
   .0047
</td>
</tr>
<tr>
<td>
eur_usd
</td>
<td align="right">
  .64
</td>
<td align="right">
 -.40
</td>
<td align="right">
  -.0006
</td>
<td align="right">
        48
</td>
<td align="right">
  -.0291
</td>
<td align="right">
  -.0026
</td>
<td align="right">
   .0044
</td>
</tr>
<tr>
<td>
gbp_usd
</td>
<td align="right">
  .69
</td>
<td align="right">
 -.28
</td>
<td align="right">
  -.0005
</td>
<td align="right">
        20
</td>
<td align="right">
  -.0100
</td>
<td align="right">
  -.0033
</td>
<td align="right">
   .0023
</td>
</tr>
<tr>
<td>
usd_jpy
</td>
<td align="right">
  .58
</td>
<td align="right">
  .92
</td>
<td align="right">
   .0033
</td>
<td align="right">
         4
</td>
<td align="right">
   .0131
</td>
<td align="right">
  -.0013
</td>
<td align="right">
   .0074
</td>
</tr>
</table>
<p>

9 rows selected.<br>
<br>


old  13: AND ydate &gt; '&amp;1'
<br>
new  13: AND ydate &gt; '2011-04-03'
<br>
old  14: AND ydate - 7 &lt; '&amp;1'
<br>
new  14: AND ydate - 7 &lt; '2011-04-03'
<br>
<p>
<table class='table_fx_past_week'>
<tr>
<th scope="col">
PAIR
</th>
<th scope="col">
AVG_SCORE
</th>
<th scope="col">
SHARPE_RATIO
</th>
<th scope="col">
AVG_G5
</th>
<th scope="col">
POSITION_COUNT
</th>
<th scope="col">
SUM_G5
</th>
<th scope="col">
MIN_G5
</th>
<th scope="col">
MAX_G5
</th>
</tr>
<tr>
<td>
aud_usd
</td>
<td align="right">
 -.59
</td>
<td align="right">
  .60
</td>
<td align="right">
   .0010
</td>
<td align="right">
         9
</td>
<td align="right">
   .0092
</td>
<td align="right">
  -.0013
</td>
<td align="right">
   .0033
</td>
</tr>
<tr>
<td>
eur_aud
</td>
<td align="right">
 -.62
</td>
<td align="right">
#####
</td>
<td align="right">
  -.0039
</td>
<td align="right">
         2
</td>
<td align="right">
  -.0077
</td>
<td align="right">
  -.0039
</td>
<td align="right">
  -.0038
</td>
</tr>
<tr>
<td>
gbp_usd
</td>
<td align="right">
 -.62
</td>
<td align="right">
-1.42
</td>
<td align="right">
  -.0015
</td>
<td align="right">
         8
</td>
<td align="right">
  -.0122
</td>
<td align="right">
  -.0026
</td>
<td align="right">
   .0004
</td>
</tr>
<tr>
<td>
usd_cad
</td>
<td align="right">
 -.65
</td>
<td align="right">
 -.45
</td>
<td align="right">
  -.0007
</td>
<td align="right">
        25
</td>
<td align="right">
  -.0170
</td>
<td align="right">
  -.0040
</td>
<td align="right">
   .0024
</td>
</tr>
<tr>
<td>
usd_chf
</td>
<td align="right">
 -.61
</td>
<td align="right">
 -.68
</td>
<td align="right">
  -.0008
</td>
<td align="right">
         8
</td>
<td align="right">
  -.0067
</td>
<td align="right">
  -.0026
</td>
<td align="right">
   .0011
</td>
</tr>
</table>
<p>

