old  14: AND ydate &gt; '&amp;1'
<br>
new  14: AND ydate &gt; '2011-04-17'
<br>
old  15: AND ydate - 7 &lt; '&amp;1'
<br>
new  15: AND ydate - 7 &lt; '2011-04-17'
<br>
<p>
<table class='table_fx_past_week'>
<tr>
<th scope="col">
Currency
<br>
Pair
</th>
<th scope="col">
Avg
<br>
DanBot
<br>
Score
</th>
<th scope="col">
Sharpe
<br>
Ratio
</th>
<th scope="col">
Avg of
<br>
5hr
<br>
gains
</th>
<th scope="col">
Count of
<br>
positions
</th>
<th scope="col">
Sum of
<br>
5hr
<br>
gains
</th>
<th scope="col">
Min of
<br>
of
<br>
5hr
<br>
gains
</th>
<th scope="col">
Max of
<br>
5hr
<br>
gains
</th>
<th scope="col">
StdDeviation
<br>
of
<br>
5hr
<br>
gains
</th>
</tr>
<tr>
<td>
aud_jpy
</td>
<td align="right">
 -.62
</td>
<td align="right">
    -.65
</td>
<td align="right">
  -.0036
</td>
<td align="right">
   27
</td>
<td align="right">
  -.0963
</td>
<td align="right">
  -.0143
</td>
<td align="right">
   .0056
</td>
<td align="right">
   .0055
</td>
</tr>
<tr>
<td>
aud_usd
</td>
<td align="right">
 -.56
</td>
<td align="right">
   -1.36
</td>
<td align="right">
  -.0009
</td>
<td align="right">
    2
</td>
<td align="right">
  -.0017
</td>
<td align="right">
  -.0013
</td>
<td align="right">
  -.0004
</td>
<td align="right">
   .0006
</td>
</tr>
<tr>
<td>
eur_chf
</td>
<td align="right">
 -.63
</td>
<td align="right">
     .00
</td>
<td align="right">
   .0000
</td>
<td align="right">
   39
</td>
<td align="right">
  -.0002
</td>
<td align="right">
  -.0036
</td>
<td align="right">
   .0072
</td>
<td align="right">
   .0027
</td>
</tr>
<tr>
<td>
eur_jpy
</td>
<td align="right">
 -.62
</td>
<td align="right">
    -.56
</td>
<td align="right">
  -.0022
</td>
<td align="right">
   27
</td>
<td align="right">
  -.0586
</td>
<td align="right">
  -.0072
</td>
<td align="right">
   .0064
</td>
<td align="right">
   .0039
</td>
</tr>
<tr>
<td>
eur_usd
</td>
<td align="right">
 -.63
</td>
<td align="right">
     .34
</td>
<td align="right">
   .0008
</td>
<td align="right">
   22
</td>
<td align="right">
   .0167
</td>
<td align="right">
  -.0066
</td>
<td align="right">
   .0034
</td>
<td align="right">
   .0023
</td>
</tr>
<tr>
<td>
gbp_usd
</td>
<td align="right">
 -.62
</td>
<td align="right">
    4.27
</td>
<td align="right">
   .0017
</td>
<td align="right">
    5
</td>
<td align="right">
   .0083
</td>
<td align="right">
   .0013
</td>
<td align="right">
   .0022
</td>
<td align="right">
   .0004
</td>
</tr>
<tr>
<td>
usd_cad
</td>
<td align="right">
 -.65
</td>
<td align="right">
    -.32
</td>
<td align="right">
  -.0005
</td>
<td align="right">
   41
</td>
<td align="right">
  -.0214
</td>
<td align="right">
  -.0084
</td>
<td align="right">
   .0031
</td>
<td align="right">
   .0016
</td>
</tr>
<tr>
<td>
usd_jpy
</td>
<td align="right">
 -.63
</td>
<td align="right">
    -.47
</td>
<td align="right">
  -.0010
</td>
<td align="right">
   31
</td>
<td align="right">
  -.0295
</td>
<td align="right">
  -.0058
</td>
<td align="right">
   .0023
</td>
<td align="right">
   .0020
</td>
</tr>
<tr>
<td>
&nbsp;
</td>
<td align="right">
&nbsp;
</td>
<td align="right">
&nbsp;
</td>
<td align="right">
&nbsp;
</td>
<td align="right">
---------
</td>
<td align="right">
--------
</td>
<td align="right">
&nbsp;
</td>
<td align="right">
&nbsp;
</td>
<td align="right">
&nbsp;
</td>
</tr>
<tr>
<td>
Sum:
</td>
<td align="right">
&nbsp;
</td>
<td align="right">
&nbsp;
</td>
<td align="right">
&nbsp;
</td>
<td align="right">
  194
</td>
<td align="right">
  -.1827
</td>
<td align="right">
&nbsp;
</td>
<td align="right">
&nbsp;
</td>
<td align="right">
&nbsp;
</td>
</tr>
</table>
<p>

8 rows selected.<br>
<br>


old  14: AND ydate &gt; '&amp;1'
<br>
new  14: AND ydate &gt; '2011-04-17'
<br>
old  15: AND ydate - 7 &lt; '&amp;1'
<br>
new  15: AND ydate - 7 &lt; '2011-04-17'
<br>
<p>
<table class='table_fx_past_week'>
<tr>
<th scope="col">
Currency
<br>
Pair
</th>
<th scope="col">
Avg
<br>
DanBot
<br>
Score
</th>
<th scope="col">
Sharpe
<br>
Ratio
</th>
<th scope="col">
Avg of
<br>
5hr
<br>
gains
</th>
<th scope="col">
Count of
<br>
positions
</th>
<th scope="col">
Sum of
<br>
5hr
<br>
gains
</th>
<th scope="col">
Min of
<br>
of
<br>
5hr
<br>
gains
</th>
<th scope="col">
Max of
<br>
5hr
<br>
gains
</th>
<th scope="col">
StdDeviation
<br>
of
<br>
5hr
<br>
gains
</th>
</tr>
<tr>
<td>
aud_jpy
</td>
<td align="right">
  .66
</td>
<td align="right">
    -.48
</td>
<td align="right">
  -.0013
</td>
<td align="right">
   36
</td>
<td align="right">
  -.0484
</td>
<td align="right">
  -.0060
</td>
<td align="right">
   .0058
</td>
<td align="right">
   .0028
</td>
</tr>
<tr>
<td>
aud_usd
</td>
<td align="right">
  .60
</td>
<td align="right">
     .30
</td>
<td align="right">
   .0006
</td>
<td align="right">
    6
</td>
<td align="right">
   .0037
</td>
<td align="right">
  -.0021
</td>
<td align="right">
   .0041
</td>
<td align="right">
   .0021
</td>
</tr>
<tr>
<td>
eur_aud
</td>
<td align="right">
  .61
</td>
<td align="right">
   -1.96
</td>
<td align="right">
  -.0017
</td>
<td align="right">
   13
</td>
<td align="right">
  -.0221
</td>
<td align="right">
  -.0030
</td>
<td align="right">
  -.0003
</td>
<td align="right">
   .0009
</td>
</tr>
<tr>
<td>
eur_chf
</td>
<td align="right">
  .65
</td>
<td align="right">
     .29
</td>
<td align="right">
   .0010
</td>
<td align="right">
   29
</td>
<td align="right">
   .0280
</td>
<td align="right">
  -.0064
</td>
<td align="right">
   .0051
</td>
<td align="right">
   .0033
</td>
</tr>
<tr>
<td>
eur_gbp
</td>
<td align="right">
  .60
</td>
<td align="right">
    -.31
</td>
<td align="right">
  -.0016
</td>
<td align="right">
   13
</td>
<td align="right">
  -.0205
</td>
<td align="right">
  -.0077
</td>
<td align="right">
   .0072
</td>
<td align="right">
   .0051
</td>
</tr>
<tr>
<td>
eur_jpy
</td>
<td align="right">
  .61
</td>
<td align="right">
    1.34
</td>
<td align="right">
   .0040
</td>
<td align="right">
   16
</td>
<td align="right">
   .0642
</td>
<td align="right">
  -.0027
</td>
<td align="right">
   .0075
</td>
<td align="right">
   .0030
</td>
</tr>
<tr>
<td>
eur_usd
</td>
<td align="right">
  .70
</td>
<td align="right">
     .58
</td>
<td align="right">
   .0023
</td>
<td align="right">
   29
</td>
<td align="right">
   .0673
</td>
<td align="right">
  -.0022
</td>
<td align="right">
   .0108
</td>
<td align="right">
   .0040
</td>
</tr>
<tr>
<td>
usd_chf
</td>
<td align="right">
  .62
</td>
<td align="right">
    -.46
</td>
<td align="right">
  -.0012
</td>
<td align="right">
   21
</td>
<td align="right">
  -.0253
</td>
<td align="right">
  -.0060
</td>
<td align="right">
   .0056
</td>
<td align="right">
   .0026
</td>
</tr>
<tr>
<td>
usd_jpy
</td>
<td align="right">
  .60
</td>
<td align="right">
    -.68
</td>
<td align="right">
  -.0016
</td>
<td align="right">
    5
</td>
<td align="right">
  -.0082
</td>
<td align="right">
  -.0051
</td>
<td align="right">
   .0008
</td>
<td align="right">
   .0024
</td>
</tr>
<tr>
<td>
&nbsp;
</td>
<td align="right">
&nbsp;
</td>
<td align="right">
&nbsp;
</td>
<td align="right">
&nbsp;
</td>
<td align="right">
---------
</td>
<td align="right">
--------
</td>
<td align="right">
&nbsp;
</td>
<td align="right">
&nbsp;
</td>
<td align="right">
&nbsp;
</td>
</tr>
<tr>
<td>
Sum:
</td>
<td align="right">
&nbsp;
</td>
<td align="right">
&nbsp;
</td>
<td align="right">
&nbsp;
</td>
<td align="right">
  168
</td>
<td align="right">
   .0387
</td>
<td align="right">
&nbsp;
</td>
<td align="right">
&nbsp;
</td>
<td align="right">
&nbsp;
</td>
</tr>
</table>
<p>

9 rows selected.<br>
<br>


