old  14: AND ydate &gt; '&amp;1'
<br>
new  14: AND ydate &gt; '2011-02-13'
<br>
old  15: AND ydate - 7 &lt; '&amp;1'
<br>
new  15: AND ydate - 7 &lt; '2011-02-13'
<br>
<p>
<table class='table_fx_past_week'>
<tr>
<th scope="col">
Currency
<br>
Pair
</th>
<th scope="col">
Avg
<br>
DanBot
<br>
Score
</th>
<th scope="col">
Sharpe
<br>
Ratio
</th>
<th scope="col">
Avg of
<br>
5hr
<br>
gains
</th>
<th scope="col">
Count of
<br>
positions
</th>
<th scope="col">
Sum of
<br>
5hr
<br>
gains
</th>
<th scope="col">
Min of
<br>
of
<br>
5hr
<br>
gains
</th>
<th scope="col">
Max of
<br>
5hr
<br>
gains
</th>
<th scope="col">
StdDeviation
<br>
of
<br>
5hr
<br>
gains
</th>
</tr>
<tr>
<td>
aud_jpy
</td>
<td align="right">
 -.65
</td>
<td align="right">
   -1.19
</td>
<td align="right">
  -.0005
</td>
<td align="right">
   22
</td>
<td align="right">
  -.0111
</td>
<td align="right">
  -.0017
</td>
<td align="right">
   .0004
</td>
<td align="right">
   .0004
</td>
</tr>
<tr>
<td>
aud_usd
</td>
<td align="right">
 -.64
</td>
<td align="right">
    -.12
</td>
<td align="right">
  -.0002
</td>
<td align="right">
   12
</td>
<td align="right">
  -.0023
</td>
<td align="right">
  -.0015
</td>
<td align="right">
   .0034
</td>
<td align="right">
   .0016
</td>
</tr>
<tr>
<td>
eur_aud
</td>
<td align="right">
 -.69
</td>
<td align="right">
    -.21
</td>
<td align="right">
  -.0007
</td>
<td align="right">
   68
</td>
<td align="right">
  -.0461
</td>
<td align="right">
  -.0061
</td>
<td align="right">
   .0054
</td>
<td align="right">
   .0032
</td>
</tr>
<tr>
<td>
eur_chf
</td>
<td align="right">
 -.65
</td>
<td align="right">
    -.88
</td>
<td align="right">
  -.0018
</td>
<td align="right">
   32
</td>
<td align="right">
  -.0587
</td>
<td align="right">
  -.0055
</td>
<td align="right">
   .0014
</td>
<td align="right">
   .0021
</td>
</tr>
<tr>
<td>
eur_gbp
</td>
<td align="right">
 -.67
</td>
<td align="right">
     .43
</td>
<td align="right">
   .0004
</td>
<td align="right">
    4
</td>
<td align="right">
   .0017
</td>
<td align="right">
  -.0007
</td>
<td align="right">
   .0017
</td>
<td align="right">
   .0010
</td>
</tr>
<tr>
<td>
eur_jpy
</td>
<td align="right">
 -.64
</td>
<td align="right">
     .07
</td>
<td align="right">
   .0001
</td>
<td align="right">
   13
</td>
<td align="right">
   .0012
</td>
<td align="right">
  -.0033
</td>
<td align="right">
   .0018
</td>
<td align="right">
   .0013
</td>
</tr>
<tr>
<td>
eur_usd
</td>
<td align="right">
 -.62
</td>
<td align="right">
    -.48
</td>
<td align="right">
  -.0014
</td>
<td align="right">
   15
</td>
<td align="right">
  -.0214
</td>
<td align="right">
  -.0076
</td>
<td align="right">
   .0021
</td>
<td align="right">
   .0030
</td>
</tr>
<tr>
<td>
gbp_usd
</td>
<td align="right">
 -.68
</td>
<td align="right">
    -.35
</td>
<td align="right">
  -.0011
</td>
<td align="right">
   22
</td>
<td align="right">
  -.0231
</td>
<td align="right">
  -.0101
</td>
<td align="right">
   .0033
</td>
<td align="right">
   .0030
</td>
</tr>
<tr>
<td>
usd_cad
</td>
<td align="right">
 -.71
</td>
<td align="right">
   -1.46
</td>
<td align="right">
  -.0011
</td>
<td align="right">
    8
</td>
<td align="right">
  -.0090
</td>
<td align="right">
  -.0018
</td>
<td align="right">
   .0004
</td>
<td align="right">
   .0008
</td>
</tr>
<tr>
<td>
usd_chf
</td>
<td align="right">
 -.69
</td>
<td align="right">
    -.97
</td>
<td align="right">
  -.0039
</td>
<td align="right">
   98
</td>
<td align="right">
  -.3804
</td>
<td align="right">
  -.0145
</td>
<td align="right">
   .0029
</td>
<td align="right">
   .0040
</td>
</tr>
<tr>
<td>
usd_jpy
</td>
<td align="right">
 -.65
</td>
<td align="right">
     .58
</td>
<td align="right">
   .0005
</td>
<td align="right">
   16
</td>
<td align="right">
   .0084
</td>
<td align="right">
  -.0006
</td>
<td align="right">
   .0022
</td>
<td align="right">
   .0009
</td>
</tr>
<tr>
<td>
&nbsp;
</td>
<td align="right">
&nbsp;
</td>
<td align="right">
&nbsp;
</td>
<td align="right">
&nbsp;
</td>
<td align="right">
---------
</td>
<td align="right">
--------
</td>
<td align="right">
&nbsp;
</td>
<td align="right">
&nbsp;
</td>
<td align="right">
&nbsp;
</td>
</tr>
<tr>
<td>
Sum:
</td>
<td align="right">
&nbsp;
</td>
<td align="right">
&nbsp;
</td>
<td align="right">
&nbsp;
</td>
<td align="right">
  310
</td>
<td align="right">
  -.5408
</td>
<td align="right">
&nbsp;
</td>
<td align="right">
&nbsp;
</td>
<td align="right">
&nbsp;
</td>
</tr>
</table>
<p>

11 rows selected.<br>
<br>


old  14: AND ydate &gt; '&amp;1'
<br>
new  14: AND ydate &gt; '2011-02-13'
<br>
old  15: AND ydate - 7 &lt; '&amp;1'
<br>
new  15: AND ydate - 7 &lt; '2011-02-13'
<br>
<p>
<table class='table_fx_past_week'>
<tr>
<th scope="col">
Currency
<br>
Pair
</th>
<th scope="col">
Avg
<br>
DanBot
<br>
Score
</th>
<th scope="col">
Sharpe
<br>
Ratio
</th>
<th scope="col">
Avg of
<br>
5hr
<br>
gains
</th>
<th scope="col">
Count of
<br>
positions
</th>
<th scope="col">
Sum of
<br>
5hr
<br>
gains
</th>
<th scope="col">
Min of
<br>
of
<br>
5hr
<br>
gains
</th>
<th scope="col">
Max of
<br>
5hr
<br>
gains
</th>
<th scope="col">
StdDeviation
<br>
of
<br>
5hr
<br>
gains
</th>
</tr>
<tr>
<td>
aud_jpy
</td>
<td align="right">
  .60
</td>
<td align="right">
     .74
</td>
<td align="right">
   .0008
</td>
<td align="right">
    5
</td>
<td align="right">
   .0041
</td>
<td align="right">
  -.0008
</td>
<td align="right">
   .0018
</td>
<td align="right">
   .0011
</td>
</tr>
<tr>
<td>
aud_usd
</td>
<td align="right">
  .66
</td>
<td align="right">
     .73
</td>
<td align="right">
   .0023
</td>
<td align="right">
   59
</td>
<td align="right">
   .1347
</td>
<td align="right">
  -.0024
</td>
<td align="right">
   .0090
</td>
<td align="right">
   .0031
</td>
</tr>
<tr>
<td>
eur_aud
</td>
<td align="right">
  .63
</td>
<td align="right">
     .52
</td>
<td align="right">
   .0012
</td>
<td align="right">
    8
</td>
<td align="right">
   .0092
</td>
<td align="right">
  -.0018
</td>
<td align="right">
   .0030
</td>
<td align="right">
   .0022
</td>
</tr>
<tr>
<td>
eur_chf
</td>
<td align="right">
  .65
</td>
<td align="right">
     .51
</td>
<td align="right">
   .0009
</td>
<td align="right">
   28
</td>
<td align="right">
   .0262
</td>
<td align="right">
  -.0029
</td>
<td align="right">
   .0050
</td>
<td align="right">
   .0018
</td>
</tr>
<tr>
<td>
eur_gbp
</td>
<td align="right">
  .65
</td>
<td align="right">
     .71
</td>
<td align="right">
   .0013
</td>
<td align="right">
   20
</td>
<td align="right">
   .0266
</td>
<td align="right">
  -.0023
</td>
<td align="right">
   .0034
</td>
<td align="right">
   .0019
</td>
</tr>
<tr>
<td>
eur_jpy
</td>
<td align="right">
  .67
</td>
<td align="right">
     .90
</td>
<td align="right">
   .0018
</td>
<td align="right">
   75
</td>
<td align="right">
   .1386
</td>
<td align="right">
  -.0019
</td>
<td align="right">
   .0063
</td>
<td align="right">
   .0021
</td>
</tr>
<tr>
<td>
eur_usd
</td>
<td align="right">
  .70
</td>
<td align="right">
     .70
</td>
<td align="right">
   .0024
</td>
<td align="right">
  128
</td>
<td align="right">
   .3047
</td>
<td align="right">
  -.0058
</td>
<td align="right">
   .0090
</td>
<td align="right">
   .0034
</td>
</tr>
<tr>
<td>
gbp_usd
</td>
<td align="right">
  .66
</td>
<td align="right">
     .96
</td>
<td align="right">
   .0016
</td>
<td align="right">
   33
</td>
<td align="right">
   .0544
</td>
<td align="right">
  -.0010
</td>
<td align="right">
   .0050
</td>
<td align="right">
   .0017
</td>
</tr>
<tr>
<td>
usd_cad
</td>
<td align="right">
  .63
</td>
<td align="right">
     .54
</td>
<td align="right">
   .0007
</td>
<td align="right">
   44
</td>
<td align="right">
   .0287
</td>
<td align="right">
  -.0012
</td>
<td align="right">
   .0034
</td>
<td align="right">
   .0012
</td>
</tr>
<tr>
<td>
usd_chf
</td>
<td align="right">
  .68
</td>
<td align="right">
     .22
</td>
<td align="right">
   .0008
</td>
<td align="right">
   62
</td>
<td align="right">
   .0487
</td>
<td align="right">
  -.0031
</td>
<td align="right">
   .0103
</td>
<td align="right">
   .0036
</td>
</tr>
<tr>
<td>
usd_jpy
</td>
<td align="right">
  .65
</td>
<td align="right">
    1.16
</td>
<td align="right">
   .0010
</td>
<td align="right">
   10
</td>
<td align="right">
   .0097
</td>
<td align="right">
  -.0002
</td>
<td align="right">
   .0021
</td>
<td align="right">
   .0008
</td>
</tr>
<tr>
<td>
&nbsp;
</td>
<td align="right">
&nbsp;
</td>
<td align="right">
&nbsp;
</td>
<td align="right">
&nbsp;
</td>
<td align="right">
---------
</td>
<td align="right">
--------
</td>
<td align="right">
&nbsp;
</td>
<td align="right">
&nbsp;
</td>
<td align="right">
&nbsp;
</td>
</tr>
<tr>
<td>
Sum:
</td>
<td align="right">
&nbsp;
</td>
<td align="right">
&nbsp;
</td>
<td align="right">
&nbsp;
</td>
<td align="right">
  472
</td>
<td align="right">
   .7856
</td>
<td align="right">
&nbsp;
</td>
<td align="right">
&nbsp;
</td>
<td align="right">
&nbsp;
</td>
</tr>
</table>
<p>

11 rows selected.<br>
<br>


