old  12: AND ydate &gt; '&amp;1'
<br>
new  12: AND ydate &gt; '2011-02-07'
<br>
old  13: AND ydate - 7 &lt; '&amp;1'
<br>
new  13: AND ydate - 7 &lt; '2011-02-07'
<br>
<p>
<table class='table_us_stk_past_week'>
<tr>
<th scope="col">
TKR
</th>
<th scope="col">
SUM_G1
</th>
<th scope="col">
AVG_G1
</th>
<th scope="col">
SHARPE_RATIO
</th>
<th scope="col">
MIN_G1
</th>
<th scope="col">
MAX_G1
</th>
<th scope="col">
POSITION_COUNT
</th>
</tr>
<tr>
<td>
AKAM
</td>
<td align="right">
    1.5000
</td>
<td align="right">
    .3750
</td>
<td align="right">
   3.04
</td>
<td align="right">
    .3100
</td>
<td align="right">
    .5600
</td>
<td align="right">
         4
</td>
</tr>
<tr>
<td>
GDX
</td>
<td align="right">
    1.1100
</td>
<td align="right">
    .3700
</td>
<td align="right">
  37.00
</td>
<td align="right">
    .3600
</td>
<td align="right">
    .3800
</td>
<td align="right">
         3
</td>
</tr>
<tr>
<td>
HL
</td>
<td align="right">
    1.0300
</td>
<td align="right">
    .1287
</td>
<td align="right">
   5.09
</td>
<td align="right">
    .0800
</td>
<td align="right">
    .1600
</td>
<td align="right">
         8
</td>
</tr>
<tr>
<td>
MOS
</td>
<td align="right">
     .5700
</td>
<td align="right">
    .2850
</td>
<td align="right">
    .32
</td>
<td align="right">
   -.3400
</td>
<td align="right">
    .9100
</td>
<td align="right">
         2
</td>
</tr>
<tr>
<td>
PALL
</td>
<td align="right">
   26.7100
</td>
<td align="right">
    .2544
</td>
<td align="right">
    .22
</td>
<td align="right">
  -1.5300
</td>
<td align="right">
   2.3700
</td>
<td align="right">
       105
</td>
</tr>
<tr>
<td>
PBR
</td>
<td align="right">
    4.6400
</td>
<td align="right">
    .2442
</td>
<td align="right">
    .83
</td>
<td align="right">
   -.1100
</td>
<td align="right">
    .7600
</td>
<td align="right">
        19
</td>
</tr>
<tr>
<td>
PM
</td>
<td align="right">
    9.5100
</td>
<td align="right">
    .4323
</td>
<td align="right">
   1.73
</td>
<td align="right">
   -.2300
</td>
<td align="right">
    .8300
</td>
<td align="right">
        22
</td>
</tr>
<tr>
<td>
PPLT
</td>
<td align="right">
   -1.8000
</td>
<td align="right">
   -.3000
</td>
<td align="right">
  -1.60
</td>
<td align="right">
   -.6400
</td>
<td align="right">
   -.1200
</td>
<td align="right">
         6
</td>
</tr>
<tr>
<td>
RTN
</td>
<td align="right">
    -.3500
</td>
<td align="right">
   -.0700
</td>
<td align="right">
  -1.98
</td>
<td align="right">
   -.1000
</td>
<td align="right">
   -.0100
</td>
<td align="right">
         5
</td>
</tr>
<tr>
<td>
SLV
</td>
<td align="right">
    9.9200
</td>
<td align="right">
    .4960
</td>
<td align="right">
   6.85
</td>
<td align="right">
    .3000
</td>
<td align="right">
    .6000
</td>
<td align="right">
        20
</td>
</tr>
<tr>
<td>
SVM
</td>
<td align="right">
    -.4400
</td>
<td align="right">
   -.0733
</td>
<td align="right">
   -.36
</td>
<td align="right">
   -.3600
</td>
<td align="right">
    .2400
</td>
<td align="right">
         6
</td>
</tr>
<tr>
<td>
TKR
</td>
<td align="right">
    1.8300
</td>
<td align="right">
    .3660
</td>
<td align="right">
   1.91
</td>
<td align="right">
    .1500
</td>
<td align="right">
    .6400
</td>
<td align="right">
         5
</td>
</tr>
</table>
<p>

12 rows selected.<br>
<br>


old  12: AND ydate &gt; '&amp;1'
<br>
new  12: AND ydate &gt; '2011-02-07'
<br>
old  13: AND ydate - 7 &lt; '&amp;1'
<br>
new  13: AND ydate - 7 &lt; '2011-02-07'
<br>
<p>
<table class='table_us_stk_past_week'>
<tr>
<th scope="col">
TKR
</th>
<th scope="col">
SUM_G1
</th>
<th scope="col">
AVG_G1
</th>
<th scope="col">
SHARPE_RATIO
</th>
<th scope="col">
MIN_G1
</th>
<th scope="col">
MAX_G1
</th>
<th scope="col">
POSITION_COUNT
</th>
</tr>
<tr>
<td>
ALL
</td>
<td align="right">
   -1.2800
</td>
<td align="right">
   -.2560
</td>
<td align="right">
  -5.14
</td>
<td align="right">
   -.3300
</td>
<td align="right">
   -.2100
</td>
<td align="right">
         5
</td>
</tr>
<tr>
<td>
DIS
</td>
<td align="right">
    4.1800
</td>
<td align="right">
   2.0900
</td>
<td align="right">
  49.26
</td>
<td align="right">
   2.0600
</td>
<td align="right">
   2.1200
</td>
<td align="right">
         2
</td>
</tr>
<tr>
<td>
GDX
</td>
<td align="right">
  -41.1200
</td>
<td align="right">
   -.6137
</td>
<td align="right">
  -1.70
</td>
<td align="right">
  -1.1000
</td>
<td align="right">
    .3300
</td>
<td align="right">
        67
</td>
</tr>
<tr>
<td>
NEM
</td>
<td align="right">
    3.4600
</td>
<td align="right">
    .1922
</td>
<td align="right">
    .32
</td>
<td align="right">
   -.7700
</td>
<td align="right">
    .7800
</td>
<td align="right">
        18
</td>
</tr>
<tr>
<td>
PALL
</td>
<td align="right">
   -4.4500
</td>
<td align="right">
   -.6357
</td>
<td align="right">
   -.79
</td>
<td align="right">
  -1.1900
</td>
<td align="right">
   1.1500
</td>
<td align="right">
         7
</td>
</tr>
<tr>
<td>
PBR
</td>
<td align="right">
   -2.0200
</td>
<td align="right">
   -.2525
</td>
<td align="right">
   -.60
</td>
<td align="right">
   -.6500
</td>
<td align="right">
    .2800
</td>
<td align="right">
         8
</td>
</tr>
<tr>
<td>
PM
</td>
<td align="right">
   -4.1599
</td>
<td align="right">
   -.1600
</td>
<td align="right">
  -1.43
</td>
<td align="right">
   -.3500
</td>
<td align="right">
    .0700
</td>
<td align="right">
        26
</td>
</tr>
<tr>
<td>
PPLT
</td>
<td align="right">
   -8.4000
</td>
<td align="right">
  -2.8000
</td>
<td align="right">
 -17.64
</td>
<td align="right">
  -2.9800
</td>
<td align="right">
  -2.6800
</td>
<td align="right">
         3
</td>
</tr>
<tr>
<td>
TKR
</td>
<td align="right">
    6.9400
</td>
<td align="right">
    .5783
</td>
<td align="right">
   1.46
</td>
<td align="right">
    .1900
</td>
<td align="right">
   1.2200
</td>
<td align="right">
        12
</td>
</tr>
</table>
<p>

9 rows selected.<br>
<br>


