old  12: AND ydate &gt; '&amp;1'
<br>
new  12: AND ydate &gt; '2011-03-21'
<br>
old  13: AND ydate - 7 &lt; '&amp;1'
<br>
new  13: AND ydate - 7 &lt; '2011-03-21'
<br>
<p>
<table class='table_us_stk_past_week'>
<tr>
<th scope="col">
TKR
</th>
<th scope="col">
SUM_G1
</th>
<th scope="col">
AVG_G1
</th>
<th scope="col">
SHARPE_RATIO
</th>
<th scope="col">
MIN_G1
</th>
<th scope="col">
MAX_G1
</th>
<th scope="col">
POSITION_COUNT
</th>
</tr>
<tr>
<td>
CVE
</td>
<td align="right">
    4.8200
</td>
<td align="right">
    .2096
</td>
<td align="right">
   2.30
</td>
<td align="right">
    .0600
</td>
<td align="right">
    .4600
</td>
<td align="right">
        23
</td>
</tr>
<tr>
<td>
DTV
</td>
<td align="right">
   24.1900
</td>
<td align="right">
    .6719
</td>
<td align="right">
   1.91
</td>
<td align="right">
    .3700
</td>
<td align="right">
   1.6500
</td>
<td align="right">
        36
</td>
</tr>
<tr>
<td>
GFI
</td>
<td align="right">
    1.2100
</td>
<td align="right">
    .4033
</td>
<td align="right">
  19.38
</td>
<td align="right">
    .3800
</td>
<td align="right">
    .4200
</td>
<td align="right">
         3
</td>
</tr>
<tr>
<td>
MON
</td>
<td align="right">
    2.4500
</td>
<td align="right">
   1.2250
</td>
<td align="right">
  57.75
</td>
<td align="right">
   1.2100
</td>
<td align="right">
   1.2400
</td>
<td align="right">
         2
</td>
</tr>
<tr>
<td>
MOS
</td>
<td align="right">
   10.8900
</td>
<td align="right">
   3.6300
</td>
<td align="right">
  23.10
</td>
<td align="right">
   3.4600
</td>
<td align="right">
   3.7700
</td>
<td align="right">
         3
</td>
</tr>
<tr>
<td>
PM
</td>
<td align="right">
    1.2100
</td>
<td align="right">
    .3025
</td>
<td align="right">
   4.77
</td>
<td align="right">
    .2300
</td>
<td align="right">
    .3800
</td>
<td align="right">
         4
</td>
</tr>
<tr>
<td>
VMW
</td>
<td align="right">
   -2.5700
</td>
<td align="right">
   -.3671
</td>
<td align="right">
   -.74
</td>
<td align="right">
  -1.2100
</td>
<td align="right">
    .3800
</td>
<td align="right">
         7
</td>
</tr>
</table>
<p>

7 rows selected.<br>
<br>


old  12: AND ydate &gt; '&amp;1'
<br>
new  12: AND ydate &gt; '2011-03-21'
<br>
old  13: AND ydate - 7 &lt; '&amp;1'
<br>
new  13: AND ydate - 7 &lt; '2011-03-21'
<br>
<p>
<table class='table_us_stk_past_week'>
<tr>
<th scope="col">
TKR
</th>
<th scope="col">
SUM_G1
</th>
<th scope="col">
AVG_G1
</th>
<th scope="col">
SHARPE_RATIO
</th>
<th scope="col">
MIN_G1
</th>
<th scope="col">
MAX_G1
</th>
<th scope="col">
POSITION_COUNT
</th>
</tr>
<tr>
<td>
DTV
</td>
<td align="right">
     .0600
</td>
<td align="right">
    .0300
</td>
<td align="right">
    .11
</td>
<td align="right">
   -.1600
</td>
<td align="right">
    .2200
</td>
<td align="right">
         2
</td>
</tr>
<tr>
<td>
LFT
</td>
<td align="right">
    4.0900
</td>
<td align="right">
    .4544
</td>
<td align="right">
   1.70
</td>
<td align="right">
   -.1300
</td>
<td align="right">
    .7300
</td>
<td align="right">
         9
</td>
</tr>
<tr>
<td>
PM
</td>
<td align="right">
    2.8100
</td>
<td align="right">
    .4683
</td>
<td align="right">
   2.03
</td>
<td align="right">
    .2800
</td>
<td align="right">
    .8400
</td>
<td align="right">
         6
</td>
</tr>
<tr>
<td>
VMW
</td>
<td align="right">
   20.3000
</td>
<td align="right">
   4.0600
</td>
<td align="right">
  35.40
</td>
<td align="right">
   3.8900
</td>
<td align="right">
   4.1800
</td>
<td align="right">
         5
</td>
</tr>
</table>
<p>

